[14:22:06.756 Verbose] - BuildManager - C:\Users\cda5pani\Documents\Fil rouge jalon 4 - Projet StackForum\StackForum\APIStackForum\UnitTests\ForumControllerTest.cs(427,1): error CS1022: Définition de type ou d'espace de noms, ou fin de fichier attendue
[14:22:06.756 Verbose] - BuildManager - C:\Program Files (x86)\Microsoft Visual Studio\2019\Enterprise\MSBuild\Current\Bin\Roslyn\Microsoft.CSharp.Core.targets(71,5): error MSB4181: la tâche "Csc" a retourné false mais n'a pas journalisé d'erreur.
[14:22:06.760 Verbose] - BuildManager - Il manque certains des chemins de fichiers définis dans csproj au sein du chemin de build de Live Unit Testing. Vérifiez si ces fichiers doivent figurer dans le chemin de build de Live Unit Testing et, si nécessaire, mettez à jour la définition de csproj pour rechercher ces fichiers à un autre emplacement.
[14:22:06.761 Verbose] - BuildManager - Élément _OutputPathItem 'C:\Users\cda5pani\Documents\Fil rouge jalon 4 - Projet StackForum\StackForum\APIStackForum\.vs\APIStackForum\v16\lut\0\b\UnitTests\Debug\net5.0\' évalué via :
_OutputPathItem: '$(OutDir)' @ C:\Program Files (x86)\Microsoft Visual Studio\2019\Enterprise\MSBuild\Current\Bin\Microsoft.Common.CurrentVersion.targets:310
  OutDir: '$(OutputPath)' @ C:\Program Files (x86)\Microsoft Visual Studio\2019\Enterprise\MSBuild\Current\Bin\Microsoft.Common.CurrentVersion.targets:228
    OutputPath: '$(OutputPath)$(TargetFramework.ToLowerInvariant())\' @ C:\Program Files\dotnet\sdk\5.0.407\Sdks\Microsoft.NET.Sdk\targets\Microsoft.NET.TargetFrameworkInference.targets:242
      OutputPath: '$(BaseOutputPath)$(Configuration)\' @ C:\Program Files\dotnet\sdk\5.0.407\Sdks\Microsoft.NET.Sdk\targets\Microsoft.NET.DefaultOutputPaths.targets:33
        BaseOutputPath: 'C:\Users\cda5pani\Documents\Fil rouge jalon 4 - Projet StackForum\StackForum\APIStackForum\.vs\APIStackForum\v16\lut\0\b\UnitTests\' @ C:\Users\cda5pani\Documents\Fil rouge jalon 4 - Projet StackForum\StackForum\APIStackForum\UnitTests\UnitTests.csproj:0
        Configuration: 'Debug'
[14:22:06.761 Verbose] - BuildManager - Élément AppConfigFileDestination 'C:\Users\cda5pani\Documents\Fil rouge jalon 4 - Projet StackForum\StackForum\APIStackForum\.vs\APIStackForum\v16\lut\0\b\UnitTests\Debug\net5.0\UnitTests.dll.config' évalué via :
AppConfigFileDestination: '$(OutDir)$(TargetFileName).config' @ C:\Program Files (x86)\Microsoft Visual Studio\2019\Enterprise\MSBuild\Current\Bin\Microsoft.Common.CurrentVersion.targets:338
  OutDir: '$(OutputPath)' @ C:\Program Files (x86)\Microsoft Visual Studio\2019\Enterprise\MSBuild\Current\Bin\Microsoft.Common.CurrentVersion.targets:228
    OutputPath: '$(OutputPath)$(TargetFramework.ToLowerInvariant())\' @ C:\Program Files\dotnet\sdk\5.0.407\Sdks\Microsoft.NET.Sdk\targets\Microsoft.NET.TargetFrameworkInference.targets:242
      OutputPath: '$(BaseOutputPath)$(Configuration)\' @ C:\Program Files\dotnet\sdk\5.0.407\Sdks\Microsoft.NET.Sdk\targets\Microsoft.NET.DefaultOutputPaths.targets:33
        BaseOutputPath: 'C:\Users\cda5pani\Documents\Fil rouge jalon 4 - Projet StackForum\StackForum\APIStackForum\.vs\APIStackForum\v16\lut\0\b\UnitTests\' @ C:\Users\cda5pani\Documents\Fil rouge jalon 4 - Projet StackForum\StackForum\APIStackForum\UnitTests\UnitTests.csproj:0
        Configuration: 'Debug'
  TargetFileName: '$(TargetName)$(TargetExt)' @ C:\Program Files (x86)\Microsoft Visual Studio\2019\Enterprise\MSBuild\Current\Bin\Microsoft.Common.CurrentVersion.targets:248
    TargetName: '$(AssemblyName)' @ C:\Program Files (x86)\Microsoft Visual Studio\2019\Enterprise\MSBuild\Current\Bin\Microsoft.Common.CurrentVersion.targets:240
      AssemblyName: '$(MSBuildProjectName)' @ C:\Program Files\dotnet\sdk\5.0.407\Sdks\Microsoft.NET.Sdk\targets\Microsoft.NET.Sdk.props:32
        MSBuildProjectName: 'UnitTests'
    TargetExt: '.dll' @ C:\Program Files\dotnet\sdk\5.0.407\Sdks\Microsoft.NET.Sdk\targets\Microsoft.NET.Sdk.BeforeCommon.targets:99
[14:22:06.761 Verbose] - BuildManager - Élément CreateDirectory 'C:\Users\cda5pani\Documents\Fil rouge jalon 4 - Projet StackForum\StackForum\APIStackForum\.vs\APIStackForum\v16\lut\0\b\UnitTests\Debug\net5.0\ref' évalué via :
CreateDirectory: '$(OutDir)ref' @ C:\Program Files (x86)\Microsoft Visual Studio\2019\Enterprise\MSBuild\Current\Bin\Microsoft.Common.CurrentVersion.targets:398
  OutDir: '$(OutputPath)' @ C:\Program Files (x86)\Microsoft Visual Studio\2019\Enterprise\MSBuild\Current\Bin\Microsoft.Common.CurrentVersion.targets:228
    OutputPath: '$(OutputPath)$(TargetFramework.ToLowerInvariant())\' @ C:\Program Files\dotnet\sdk\5.0.407\Sdks\Microsoft.NET.Sdk\targets\Microsoft.NET.TargetFrameworkInference.targets:242
      OutputPath: '$(BaseOutputPath)$(Configuration)\' @ C:\Program Files\dotnet\sdk\5.0.407\Sdks\Microsoft.NET.Sdk\targets\Microsoft.NET.DefaultOutputPaths.targets:33
        BaseOutputPath: 'C:\Users\cda5pani\Documents\Fil rouge jalon 4 - Projet StackForum\StackForum\APIStackForum\.vs\APIStackForum\v16\lut\0\b\UnitTests\' @ C:\Users\cda5pani\Documents\Fil rouge jalon 4 - Projet StackForum\StackForum\APIStackForum\UnitTests\UnitTests.csproj:0
        Configuration: 'Debug'
[14:22:06.761 Verbose] - BuildManager - Élément _DebugSymbolsOutputPath 'C:\Users\cda5pani\Documents\Fil rouge jalon 4 - Projet StackForum\StackForum\APIStackForum\.vs\APIStackForum\v16\lut\0\b\UnitTests\Debug\net5.0\UnitTests.pdb' évalué via :
_DebugSymbolsOutputPath: '@(_DebugSymbolsIntermediatePath->'$(OutDir)%(Filename)%(Extension)')' @ C:\Program Files (x86)\Microsoft Visual Studio\2019\Enterprise\MSBuild\Current\Bin\Microsoft.Common.CurrentVersion.targets:404
  OutDir: '$(OutputPath)' @ C:\Program Files (x86)\Microsoft Visual Studio\2019\Enterprise\MSBuild\Current\Bin\Microsoft.Common.CurrentVersion.targets:228
    OutputPath: '$(OutputPath)$(TargetFramework.ToLowerInvariant())\' @ C:\Program Files\dotnet\sdk\5.0.407\Sdks\Microsoft.NET.Sdk\targets\Microsoft.NET.TargetFrameworkInference.targets:242
      OutputPath: '$(BaseOutputPath)$(Configuration)\' @ C:\Program Files\dotnet\sdk\5.0.407\Sdks\Microsoft.NET.Sdk\targets\Microsoft.NET.DefaultOutputPaths.targets:33
        BaseOutputPath: 'C:\Users\cda5pani\Documents\Fil rouge jalon 4 - Projet StackForum\StackForum\APIStackForum\.vs\APIStackForum\v16\lut\0\b\UnitTests\' @ C:\Users\cda5pani\Documents\Fil rouge jalon 4 - Projet StackForum\StackForum\APIStackForum\UnitTests\UnitTests.csproj:0
        Configuration: 'Debug'
[14:22:06.778 Verbose] - BuildManager - Élément _ApplicationManifestFinal 'C:\Users\cda5pani\Documents\Fil rouge jalon 4 - Projet StackForum\StackForum\APIStackForum\.vs\APIStackForum\v16\lut\0\b\UnitTests\Debug\net5.0\Native.UnitTests.manifest' évalué via :
_ApplicationManifestFinal: '$(OutDir)$(_DeploymentTargetApplicationManifestFileName)' @ C:\Program Files (x86)\Microsoft Visual Studio\2019\Enterprise\MSBuild\Current\Bin\Microsoft.Common.CurrentVersion.targets:442
  OutDir: '$(OutputPath)' @ C:\Program Files (x86)\Microsoft Visual Studio\2019\Enterprise\MSBuild\Current\Bin\Microsoft.Common.CurrentVersion.targets:228
    OutputPath: '$(OutputPath)$(TargetFramework.ToLowerInvariant())\' @ C:\Program Files\dotnet\sdk\5.0.407\Sdks\Microsoft.NET.Sdk\targets\Microsoft.NET.TargetFrameworkInference.targets:242
      OutputPath: '$(BaseOutputPath)$(Configuration)\' @ C:\Program Files\dotnet\sdk\5.0.407\Sdks\Microsoft.NET.Sdk\targets\Microsoft.NET.DefaultOutputPaths.targets:33
        BaseOutputPath: 'C:\Users\cda5pani\Documents\Fil rouge jalon 4 - Projet StackForum\StackForum\APIStackForum\.vs\APIStackForum\v16\lut\0\b\UnitTests\' @ C:\Users\cda5pani\Documents\Fil rouge jalon 4 - Projet StackForum\StackForum\APIStackForum\UnitTests\UnitTests.csproj:0
        Configuration: 'Debug'
  _DeploymentTargetApplicationManifestFileName: 'Native.$(AssemblyName).manifest' @ C:\Program Files (x86)\Microsoft Visual Studio\2019\Enterprise\MSBuild\Current\Bin\Microsoft.Common.CurrentVersion.targets:264
    AssemblyName: '$(MSBuildProjectName)' @ C:\Program Files\dotnet\sdk\5.0.407\Sdks\Microsoft.NET.Sdk\targets\Microsoft.NET.Sdk.props:32
      MSBuildProjectName: 'UnitTests'
